*** Using Compiler 'V5.06 update 7 (build 960)', folder: 'F:\keilmdk540\ARM\ARMCompiler_506\Bin'
Build target 'FreeRTOS'
compiling system_stm32f4xx.c...
"no source": Error: command-line:  #564: cannot open embedded assembler output file "C:\Users\朱成珺\AppData\Local\Temp\p3fac-2": No such file or directory
system_stm32f4xx.c: 0 warnings, 1 error
compiling LED.C...
"no source": Error: command-line:  #564: cannot open embedded assembler output file "C:\Users\朱成珺\AppData\Local\Temp\pb204-2": No such file or directory
..\HARDWARE\LED.C: 0 warnings, 1 error
compiling stm32f4xx_it.c...
"no source": Error: command-line:  #564: cannot open embedded assembler output file "C:\Users\朱成珺\AppData\Local\Temp\pf660-2": No such file or directory
stm32f4xx_it.c: 0 warnings, 1 error
compiling adc.c...
"no source": Error: command-line:  #564: cannot open embedded assembler output file "C:\Users\朱成珺\AppData\Local\Temp\p8f18-2": No such file or directory
..\HARDWARE\adc.c: 0 warnings, 1 error
compiling ICM20948.c...
"no source": Error: command-line:  #564: cannot open embedded assembler output file "C:\Users\朱成珺\AppData\Local\Temp\pcbfc-2": No such file or directory
..\HARDWARE\ICM20948\ICM20948.c: 0 warnings, 1 error
compiling motor.c...
"no source": Error: command-line:  #564: cannot open embedded assembler output file "C:\Users\朱成珺\AppData\Local\Temp\p7b90-2": No such file or directory
..\HARDWARE\motor.c: 0 warnings, 1 error
compiling timer.c...
"no source": Error: command-line:  #564: cannot open embedded assembler output file "C:\Users\朱成珺\AppData\Local\Temp\pb084-2": No such file or directory
..\HARDWARE\timer.c: 0 warnings, 1 error
compiling pstwo.c...
"no source": Error: command-line:  #564: cannot open embedded assembler output file "C:\Users\朱成珺\AppData\Local\Temp\p104a4-2": No such file or directory
..\HARDWARE\pstwo.c: 0 warnings, 1 error
compiling oled.c...
"no source": Error: command-line:  #564: cannot open embedded assembler output file "C:\Users\朱成珺\AppData\Local\Temp\pdf28-2": No such file or directory
..\HARDWARE\oled.c: 0 warnings, 1 error
compiling AutoRecharge.c...
"no source": Error: command-line:  #564: cannot open embedded assembler output file "C:\Users\朱成珺\AppData\Local\Temp\pc924-2": No such file or directory
..\AutoRecharge\AutoRecharge.c: 0 warnings, 1 error
compiling encoder.c...
"no source": Error: command-line:  #564: cannot open embedded assembler output file "C:\Users\朱成珺\AppData\Local\Temp\pbdf4-2": No such file or directory
..\HARDWARE\encoder.c: 0 warnings, 1 error
compiling main.c...
"no source": Error: command-line:  #564: cannot open embedded assembler output file "C:\Users\朱成珺\AppData\Local\Temp\p108e8-2": No such file or directory
main.c: 0 warnings, 1 error
compiling can.c...
"no source": Error: command-line:  #564: cannot open embedded assembler output file "C:\Users\朱成珺\AppData\Local\Temp\pd310-2": No such file or directory
..\HARDWARE\can.c: 0 warnings, 1 error
compiling usartx.c...
..\HARDWARE\usartx.c(813): warning:  #550-D: variable "ucTemp"  was set but never used
  	unsigned char ucTemp;
"no source": Error: command-line:  #564: cannot open embedded assembler output file "C:\Users\朱成珺\AppData\Local\Temp\p5de8-2": No such file or directory
..\HARDWARE\usartx.c: 1 warning, 1 error
compiling key.c...
"no source": Error: command-line:  #564: cannot open embedded assembler output file "C:\Users\朱成珺\AppData\Local\Temp\p73f4-2": No such file or directory
..\HARDWARE\key.c: 0 warnings, 1 error
compiling MPU6050.c...
"no source": Error: command-line:  #564: cannot open embedded assembler output file "C:\Users\朱成珺\AppData\Local\Temp\p8a74-2": No such file or directory
..\HARDWARE\MPU6050\MPU6050.c: 0 warnings, 1 error
compiling sys.c...
"no source": Error: command-line:  #564: cannot open embedded assembler output file "C:\Users\朱成珺\AppData\Local\Temp\p111e8-2": No such file or directory
..\SYSTEM\sys\sys.c: 0 warnings, 1 error
compiling delay.c...
"no source": Error: command-line:  #564: cannot open embedded assembler output file "C:\Users\朱成珺\AppData\Local\Temp\pc8f8-2": No such file or directory
..\SYSTEM\delay\delay.c: 0 warnings, 1 error
compiling usart.c...
"no source": Error: command-line:  #564: cannot open embedded assembler output file "C:\Users\朱成珺\AppData\Local\Temp\pcdd8-2": No such file or directory
..\SYSTEM\usart\usart.c: 0 warnings, 1 error
compiling misc.c...
"no source": Error: command-line:  #564: cannot open embedded assembler output file "C:\Users\朱成珺\AppData\Local\Temp\pb830-2": No such file or directory
..\FWLIB\src\misc.c: 0 warnings, 1 error
compiling stm32f4xx_gpio.c...
"no source": Error: command-line:  #564: cannot open embedded assembler output file "C:\Users\朱成珺\AppData\Local\Temp\pc338-2": No such file or directory
..\FWLIB\src\stm32f4xx_gpio.c: 0 warnings, 1 error
compiling I2C.c...
"no source": Error: command-line:  #564: cannot open embedded assembler output file "C:\Users\朱成珺\AppData\Local\Temp\pef40-2": No such file or directory
..\HARDWARE\I2C.c: 0 warnings, 1 error
compiling stm32f4xx_rcc.c...
"no source": Error: command-line:  #564: cannot open embedded assembler output file "C:\Users\朱成珺\AppData\Local\Temp\p10d50-2": No such file or directory
..\FWLIB\src\stm32f4xx_rcc.c: 0 warnings, 1 error
compiling stm32f4xx_syscfg.c...
"no source": Error: command-line:  #564: cannot open embedded assembler output file "C:\Users\朱成珺\AppData\Local\Temp\p10974-2": No such file or directory
..\FWLIB\src\stm32f4xx_syscfg.c: 0 warnings, 1 error
compiling stm32f4xx_adc.c...
"no source": Error: command-line:  #564: cannot open embedded assembler output file "C:\Users\朱成珺\AppData\Local\Temp\p820c-2": No such file or directory
..\FWLIB\src\stm32f4xx_adc.c: 0 warnings, 1 error
compiling stm32f4xx_usart.c...
"no source": Error: command-line:  #564: cannot open embedded assembler output file "C:\Users\朱成珺\AppData\Local\Temp\p100d4-2": No such file or directory
..\FWLIB\src\stm32f4xx_usart.c: 0 warnings, 1 error
compiling stm32f4xx_pwr.c...
"no source": Error: command-line:  #564: cannot open embedded assembler output file "C:\Users\朱成珺\AppData\Local\Temp\pfe70-2": No such file or directory
..\FWLIB\src\stm32f4xx_pwr.c: 0 warnings, 1 error
compiling stm32f4xx_can.c...
"no source": Error: command-line:  #564: cannot open embedded assembler output file "C:\Users\朱成珺\AppData\Local\Temp\pff7c-2": No such file or directory
..\FWLIB\src\stm32f4xx_can.c: 0 warnings, 1 error
compiling stm32f4xx_tim.c...
"no source": Error: command-line:  #564: cannot open embedded assembler output file "C:\Users\朱成珺\AppData\Local\Temp\p6080-2": No such file or directory
..\FWLIB\src\stm32f4xx_tim.c: 0 warnings, 1 error
compiling croutine.c...
"no source": Error: command-line:  #564: cannot open embedded assembler output file "C:\Users\朱成珺\AppData\Local\Temp\p69b4-2": No such file or directory
..\FreeRTOS\croutine.c: 0 warnings, 1 error
compiling list.c...
"no source": Error: command-line:  #564: cannot open embedded assembler output file "C:\Users\朱成珺\AppData\Local\Temp\p65e0-2": No such file or directory
..\FreeRTOS\list.c: 0 warnings, 1 error
compiling event_groups.c...
"no source": Error: command-line:  #564: cannot open embedded assembler output file "C:\Users\朱成珺\AppData\Local\Temp\p768c-2": No such file or directory
..\FreeRTOS\event_groups.c: 0 warnings, 1 error
compiling queue.c...
"no source": Error: command-line:  #564: cannot open embedded assembler output file "C:\Users\朱成珺\AppData\Local\Temp\p48e8-2": No such file or directory
..\FreeRTOS\queue.c: 0 warnings, 1 error
compiling tasks.c...
"no source": Error: command-line:  #564: cannot open embedded assembler output file "C:\Users\朱成珺\AppData\Local\Temp\pffb0-2": No such file or directory
..\FreeRTOS\tasks.c: 0 warnings, 1 error
compiling port.c...
"no source": Error: command-line:  #564: cannot open embedded assembler output file "C:\Users\朱成珺\AppData\Local\Temp\pbf5c-2": No such file or directory
..\FreeRTOS\portable\RVDS\ARM_CM4F\port.c: 0 warnings, 1 error
compiling heap_4.c...
"no source": Error: command-line:  #564: cannot open embedded assembler output file "C:\Users\朱成珺\AppData\Local\Temp\p7b24-2": No such file or directory
..\FreeRTOS\portable\MemMang\heap_4.c: 0 warnings, 1 error
compiling timers.c...
"no source": Error: command-line:  #564: cannot open embedded assembler output file "C:\Users\朱成珺\AppData\Local\Temp\p7e9c-2": No such file or directory
..\FreeRTOS\timers.c: 0 warnings, 1 error
compiling system.c...
"no source": Error: command-line:  #564: cannot open embedded assembler output file "C:\Users\朱成珺\AppData\Local\Temp\p523c-2": No such file or directory
..\BALANCE\system.c: 0 warnings, 1 error
compiling balance.c...
..\BALANCE\balance.c(1000): warning:  #177-D: variable "sum"  was declared but never referenced
  	int32_t sum=0;
..\BALANCE\balance.c(1040): warning:  #940-D: missing return statement at end of non-void function "go_str_PLL" 
  }
..\BALANCE\balance.c(1026): warning:  #177-D: variable "finish_flag"  was declared but never referenced
  	static float angle_now, angle_rd_flag = 0 , finish_flag = 0;
..\BALANCE\balance.c(365): warning:  #177-D: variable "FIFO_ENCODER"  was declared but never referenced
  static float FIFO_ENCODER[4][11];
"no source": Error: command-line:  #564: cannot open embedded assembler output file "C:\Users\朱成珺\AppData\Local\Temp\pbf90-2": No such file or directory
..\BALANCE\balance.c: 4 warnings, 1 error
compiling robot_select_init.c...
"no source": Error: command-line:  #564: cannot open embedded assembler output file "C:\Users\朱成珺\AppData\Local\Temp\pca48-2": No such file or directory
..\BALANCE\robot_select_init.c: 0 warnings, 1 error
compiling show.c...
"no source": Error: command-line:  #564: cannot open embedded assembler output file "C:\Users\朱成珺\AppData\Local\Temp\pd724-2": No such file or directory
..\BALANCE\show.c: 0 warnings, 1 error
compiling usbh_hcs.c...
"no source": Error: command-line:  #564: cannot open embedded assembler output file "C:\Users\朱成珺\AppData\Local\Temp\pf660-2": No such file or directory
..\HARDWARE\USB\STM32_USB_HOST_Library\Core\src\usbh_hcs.c: 0 warnings, 1 error
compiling usbh_stdreq.c...
"no source": Error: command-line:  #564: cannot open embedded assembler output file "C:\Users\朱成珺\AppData\Local\Temp\p11294-2": No such file or directory
..\HARDWARE\USB\STM32_USB_HOST_Library\Core\src\usbh_stdreq.c: 0 warnings, 1 error
compiling usb_hcd_int.c...
"no source": Error: command-line:  #564: cannot open embedded assembler output file "C:\Users\朱成珺\AppData\Local\Temp\p6c9c-2": No such file or directory
..\HARDWARE\USB\STM32_USB_OTG_Driver\src\usb_hcd_int.c: 0 warnings, 1 error
compiling imu_task.c...
..\BALANCE\imu_task.c(38): error:  #20: identifier "ucTemp" is undefined
  				WitSerialDataIn(ucTemp);
..\BALANCE\imu_task.c: 0 warnings, 1 error
compiling usb_hcd.c...
"no source": Error: command-line:  #564: cannot open embedded assembler output file "C:\Users\朱成珺\AppData\Local\Temp\p10d08-2": No such file or directory
..\HARDWARE\USB\STM32_USB_OTG_Driver\src\usb_hcd.c: 0 warnings, 1 error
compiling usb_core.c...
"no source": Error: command-line:  #564: cannot open embedded assembler output file "C:\Users\朱成珺\AppData\Local\Temp\p791c-2": No such file or directory
..\HARDWARE\USB\STM32_USB_OTG_Driver\src\usb_core.c: 0 warnings, 1 error
compiling usbh_ioreq.c...
"no source": Error: command-line:  #564: cannot open embedded assembler output file "C:\Users\朱成珺\AppData\Local\Temp\p4128-2": No such file or directory
..\HARDWARE\USB\STM32_USB_HOST_Library\Core\src\usbh_ioreq.c: 0 warnings, 1 error
compiling usbh_core.c...
"no source": Error: command-line:  #564: cannot open embedded assembler output file "C:\Users\朱成珺\AppData\Local\Temp\p1111c-2": No such file or directory
..\HARDWARE\USB\STM32_USB_HOST_Library\Core\src\usbh_core.c: 0 warnings, 1 error
compiling usbh_hid_core.c...
"no source": Error: command-line:  #564: cannot open embedded assembler output file "C:\Users\朱成珺\AppData\Local\Temp\p104f4-2": No such file or directory
..\HARDWARE\USB\STM32_USB_HOST_Library\Class\HID\src\usbh_hid_core.c: 0 warnings, 1 error
compiling usb_bsp.c...
"no source": Error: command-line:  #564: cannot open embedded assembler output file "C:\Users\朱成珺\AppData\Local\Temp\p6fb0-2": No such file or directory
..\HARDWARE\USB\USB_APP\usb_bsp.c: 0 warnings, 1 error
compiling usbh_hid_joy.c...
"no source": Error: command-line:  #564: cannot open embedded assembler output file "C:\Users\朱成珺\AppData\Local\Temp\pecf0-2": No such file or directory
..\HARDWARE\USB\USB_APP\usbh_hid_joy.c: 0 warnings, 1 error
compiling usbh_usr.c...
"no source": Error: command-line:  #564: cannot open embedded assembler output file "C:\Users\朱成珺\AppData\Local\Temp\pd310-2": No such file or directory
..\HARDWARE\USB\USB_APP\usbh_usr.c: 0 warnings, 1 error
"..\OBJ\WHEELTEC.axf" - 51 Error(s), 5 Warning(s).
Target not created.
Build Time Elapsed:  00:00:09
